<?xml version="1.0" encoding="UTF-8"?>
<!-- Generated by org.testng.reporters.JUnitReportReporter -->
<testsuite hostname="DESKTOP-H5CHME6" failures="0" tests="1" name="pages.xmlwithoutparameter" time="25.874" errors="0" timestamp="2023-06-18T20:04:20 IST" skipped="0">
  <testcase classname="pages.xmlwithoutparameter" name="testNoParameter" time="25.874"/>
  <system-out/>
</testsuite> <!-- pages.xmlwithoutparameter -->
