<?xml version="1.0" encoding="UTF-8"?>
<!-- Generated by org.testng.reporters.JUnitReportReporter -->
<testsuite hostname="DESKTOP-H5CHME6" failures="0" tests="6" name="pages.ParameterByITestContextInDataprovider" time="23.926" errors="0" timestamp="2023-06-18T20:39:13 IST" skipped="0">
  <testcase classname="pages.ParameterByITestContextInDataprovider" name="testMethodB" time="4.885"/>
  <system-out/>
  <testcase classname="pages.ParameterByITestContextInDataprovider" name="testMethodA" time="3.329"/>
  <system-out/>
  <testcase classname="pages.ParameterByITestContextInDataprovider" name="testMethodA" time="3.938"/>
  <system-out/>
  <testcase classname="pages.ParameterByITestContextInDataprovider" name="testMethodB" time="4.253"/>
  <system-out/>
  <testcase classname="pages.ParameterByITestContextInDataprovider" name="testMethodA" time="3.322"/>
  <system-out/>
  <testcase classname="pages.ParameterByITestContextInDataprovider" name="testMethodB" time="4.199"/>
  <system-out/>
</testsuite> <!-- pages.ParameterByITestContextInDataprovider -->
