<?xml version="1.0" encoding="UTF-8"?>
<!-- Generated by org.testng.reporters.JUnitReportReporter -->
<testsuite hostname="DESKTOP-H5CHME6" failures="0" tests="1" name="pages.FirefoxTest" time="35.926" errors="0" timestamp="2023-06-19T00:47:57 IST" skipped="0">
  <testcase classname="pages.FirefoxTest" name="FirefoxTestMethod" time="35.926"/>
  <system-out/>
</testsuite> <!-- pages.FirefoxTest -->
