<?xml version="1.0" encoding="UTF-8"?>
<!-- Generated by org.testng.reporters.JUnitReportReporter -->
<testsuite hostname="DESKTOP-H5CHME6" failures="0" tests="1" name="pages.ChromeTest_at_suitel_level" time="15.317" errors="0" timestamp="2023-06-19T01:27:26 IST" skipped="0">
  <testcase classname="pages.ChromeTest_at_suitel_level" name="ChromeTestMethod" time="15.317"/>
  <system-out/>
</testsuite> <!-- pages.ChromeTest_at_suitel_level -->
