<?xml version="1.0" encoding="UTF-8"?>
<!-- Generated by org.testng.reporters.JUnitReportReporter -->
<testsuite hostname="DESKTOP-H5CHME6" failures="0" tests="3" name="pages.ParameterDataproviderWithClassLevel" time="10.678" errors="0" timestamp="2023-06-18T20:25:32 IST" skipped="0">
  <testcase classname="pages.ParameterDataproviderWithClassLevel" name="testMethod" time="3.409"/>
  <system-out/>
  <testcase classname="pages.ParameterDataproviderWithClassLevel" name="testMethod" time="3.326"/>
  <system-out/>
  <testcase classname="pages.ParameterDataproviderWithClassLevel" name="testMethod" time="3.943"/>
  <system-out/>
</testsuite> <!-- pages.ParameterDataproviderWithClassLevel -->
