<?xml version="1.0" encoding="UTF-8"?>
<!-- Generated by org.testng.reporters.JUnitReportReporter -->
<testsuite hostname="DESKTOP-H5CHME6" failures="0" tests="1" name="pages.xmlwithparameter" time="13.236" errors="0" timestamp="2023-06-18T20:11:34 IST" skipped="0">
  <testcase classname="pages.xmlwithparameter" name="testParameterWithXML" time="13.236"/>
  <system-out/>
</testsuite> <!-- pages.xmlwithparameter -->
