<?xml version="1.0" encoding="UTF-8"?>
<!-- Generated by org.testng.reporters.JUnitReportReporter -->
<testsuite hostname="DESKTOP-H5CHME6" failures="0" tests="2" name="pages.SimpleTest" time="0.251" errors="0" timestamp="2023-06-21T17:31:19 IST" skipped="0">
  <testcase classname="pages.SimpleTest" name="simpleTest" time="0.010"/>
  <system-out/>
  <testcase classname="pages.SimpleTest" name="simpleTest" time="0.241"/>
  <system-out/>
</testsuite> <!-- pages.SimpleTest -->
