<?xml version="1.0" encoding="UTF-8"?>
<!-- Generated by org.testng.reporters.JUnitReportReporter -->
<testsuite hostname="DESKTOP-H5CHME6" failures="0" tests="1" name="testcases.HomePagesTest" time="5.091" errors="0" timestamp="2023-04-14T13:01:52 IST" skipped="0">
  <testcase classname="testcases.HomePagesTest" name="Validate" time="5.091"/>
  <system-out/>
</testsuite> <!-- testcases.HomePagesTest -->
