<?xml version="1.0" encoding="UTF-8"?>
<!-- Generated by org.testng.reporters.JUnitReportReporter -->
<testsuite hostname="DESKTOP-H5CHME6" failures="0" tests="6" name="pages.ParameterByMethodInDataprovider" time="21.498" errors="0" timestamp="2023-06-18T20:29:13 IST" skipped="0">
  <testcase classname="pages.ParameterByMethodInDataprovider" name="testMethodA" time="3.960"/>
  <system-out/>
  <testcase classname="pages.ParameterByMethodInDataprovider" name="testMethodB" time="4.029"/>
  <system-out/>
  <testcase classname="pages.ParameterByMethodInDataprovider" name="testMethodA" time="3.322"/>
  <system-out/>
  <testcase classname="pages.ParameterByMethodInDataprovider" name="testMethodB" time="3.411"/>
  <system-out/>
  <testcase classname="pages.ParameterByMethodInDataprovider" name="testMethodB" time="3.390"/>
  <system-out/>
  <testcase classname="pages.ParameterByMethodInDataprovider" name="testMethodA" time="3.386"/>
  <system-out/>
</testsuite> <!-- pages.ParameterByMethodInDataprovider -->
