<?xml version="1.0" encoding="UTF-8"?>
<!-- Generated by org.testng.reporters.JUnitReportReporter -->
<testsuite hostname="DESKTOP-H5CHME6" failures="0" tests="3" name="pages.ParameterByDataprovider" time="10.616" errors="0" timestamp="2023-06-18T20:21:27 IST" skipped="0">
  <testcase classname="pages.ParameterByDataprovider" name="testMethod" time="3.943"/>
  <system-out/>
  <testcase classname="pages.ParameterByDataprovider" name="testMethod" time="3.329"/>
  <system-out/>
  <testcase classname="pages.ParameterByDataprovider" name="testMethod" time="3.344"/>
  <system-out/>
</testsuite> <!-- pages.ParameterByDataprovider -->
